<?xml version="1.0" encoding="UTF-8"?>
<!-- Generated by org.testng.reporters.JUnitReportReporter -->
<testsuite hostname="LAPTOP-GLT2EB5A" failures="0" tests="5" name="com.rest.api.patch.PartialUpdateBooking" time="6.103" errors="0" timestamp="21 Dec 2022 14:32:22 GMT" skipped="0">
  <testcase classname="com.rest.api.patch.PartialUpdateBooking" name="Create_Booking_Test" time="3.578"/>
  <testcase classname="com.rest.api.patch.PartialUpdateBooking" name="Generate_Token_Test" time="0.605"/>
  <testcase classname="com.rest.api.patch.PartialUpdateBooking" name="Update_partial_booking_Test" time="0.716"/>
  <testcase classname="com.rest.api.patch.PartialUpdateBooking" name="Delete_booking_Test" time="0.620"/>
  <testcase classname="com.rest.api.patch.PartialUpdateBooking" name="Verify_booking_is_deleted" time="0.584"/>
</testsuite> <!-- com.rest.api.patch.PartialUpdateBooking -->
