<?xml version="1.0" encoding="UTF-8"?>
<!-- Generated by org.testng.reporters.JUnitReportReporter -->
<testsuite hostname="LAPTOP-GLT2EB5A" failures="0" tests="2" name="com.rest.api.get.GETBookingIDs" time="4.696" errors="0" timestamp="19 Dec 2022 14:34:36 GMT" skipped="0">
  <testcase classname="com.rest.api.get.GETBookingIDs" name="getAPITest_contentLength" time="1.376"/>
  <testcase classname="com.rest.api.get.GETBookingIDs" name="getAPITest_Verifystatuscode" time="3.320"/>
</testsuite> <!-- com.rest.api.get.GETBookingIDs -->
